{
	OP   =0
	NAME =HLT
	GRPS =3
	IDX1 =0
	IDX2 =6
	IDX3 =10
	TYPE1=OP
	TYPE2=BLANK
	TYPE3=BLANK
}
{
	OP   =30
	NAME =TRAP
	GRPS =3
	IDX1 =0
	IDX2 =6
	IDX3 =12
	TYPE1=OP
	TYPE2=BLANK
	TYPE3=BLANK
}
{
	OP   =1
	NAME =LDR
	GRPS =5
	IDX1 =0
	IDX2 =6
	IDX3 =8
	IDX4 =10
	IDX5 =11
	TYPE1=OP
	TYPE2=REG
	TYPE3=IDXREG
	TYPE4=FLAG
	TYPE5=ADDR
}
{
	OP   =2
	NAME =STR
	GRPS =5
	IDX1 =0
	IDX2 =6
	IDX3 =8
	IDX4 =10
	IDX5 =11
	TYPE1=OP
	TYPE2=REG
	TYPE3=IDXREG
	TYPE4=FLAG
	TYPE5=ADDR
}
{
	OP   =3
	NAME =LDA
	GRPS =5
	IDX1 =0
	IDX2 =6
	IDX3 =8
	IDX4 =10
	IDX5 =11
	TYPE1=OP
	TYPE2=REG
	TYPE3=IDXREG
	TYPE4=FLAG
	TYPE5=ADDR
}
{
	OP   =41
	NAME =LDX
	GRPS =5
	IDX1 =0
	IDX2 =6
	IDX3 =8
	IDX4 =10
	IDX5 =11
	TYPE1=OP
	TYPE2=BLANK
	TYPE3=IDXREG
	TYPE4=FLAG
	TYPE5=ADDR
}
{
	OP   =42
	NAME =STX
	GRPS =5
	IDX1 =0
	IDX2 =6
	IDX3 =8
	IDX4 =10
	IDX5 =11
	TYPE1=OP
	TYPE2=BLANK
	TYPE3=IDXREG
	TYPE4=FLAG
	TYPE5=ADDR
}
{
	OP   =10
	NAME =JZ
	GRPS =5
	IDX1 =0
	IDX2 =6
	IDX3 =8
	IDX4 =10
	IDX5 =11
	TYPE1=OP
	TYPE2=REG
	TYPE3=IDXREG
	TYPE4=FLAG
	TYPE5=ADDR
}
{
	OP   =11
	NAME =JNE
	GRPS =5
	IDX1 =0
	IDX2 =6
	IDX3 =8
	IDX4 =10
	IDX5 =11
	TYPE1=OP
	TYPE2=REG
	TYPE3=IDXREG
	TYPE4=FLAG
	TYPE5=ADDR
}
{
	OP   =12
	NAME =JCC
	GRPS =5
	IDX1 =0
	IDX2 =6
	IDX3 =8
	IDX4 =10
	IDX5 =11
	TYPE1=OP
	TYPE2=FLAG
	TYPE3=IDXREG
	TYPE4=FLAG
	TYPE5=ADDR
}
{
	OP   =13
	NAME =JMA
	GRPS =5
	IDX1 =0
	IDX2 =6
	IDX3 =8
	IDX4 =10
	IDX5 =11
	TYPE1=OP
	TYPE2=BLANK
	TYPE3=IDXREG
	TYPE4=FLAG
	TYPE5=ADDR
}
{
	OP   =14
	NAME =JSR
	GRPS =5
	IDX1 =0
	IDX2 =6
	IDX3 =8
	IDX4 =10
	IDX5 =11
	TYPE1=OP
	TYPE2=BLANK
	TYPE3=IDXREG
	TYPE4=FLAG
	TYPE5=ADDR
}
{
	OP   =15
	NAME =RFS
	GRPS =4
	IDX1 =0
	IDX2 =6
	IDX3 =8
	IDX4 =11
	TYPE1=OP
	TYPE2=REG
	TYPE3=BLANK
	TYPE4=ADDR
}
{       
	OP   =16
	NAME =SOB
	GRPS =5
	IDX1 =0
	IDX2 =6
	IDX3 =8
	IDX4 =10
	IDX5 =11
	TYPE1=OP
	TYPE2=REG
	TYPE3=IDXREG
	TYPE4=FLAG
	TYPE5=ADDR
}
{
	OP   =17
	NAME =JGE
	GRPS =5
	IDX1 =0
	IDX2 =6
	IDX3 =8
	IDX4 =10
	IDX5 =11
	TYPE1=OP
	TYPE2=REG
	TYPE3=IDXREG
	TYPE4=FLAG
	TYPE5=ADDR
}
{
	OP   =4
	NAME =AMR
	GRPS =5
	IDX1 =0
	IDX2 =6
	IDX3 =8
	IDX4 =10
	IDX5 =11
	TYPE1=OP
	TYPE2=REG
	TYPE3=IDXREG
	TYPE4=FLAG
	TYPE5=ADDR
}
{
	OP   =5
	NAME =SMR
	GRPS =5
	IDX1 =0
	IDX2 =6
	IDX3 =8
	IDX4 =10
	IDX5 =11
	TYPE1=OP
	TYPE2=REG
	TYPE3=IDXREG
	TYPE4=FLAG
	TYPE5=ADDR
}
{
	OP   =6
	NAME =AIR
	GRPS =4
	IDX1 =0
	IDX2 =6
	IDX3 =8
	IDX4 =11
	TYPE1=OP
	TYPE2=REG
	TYPE3=BLANK
	TYPE4=IMM
}
{
	OP   =7
	NAME =SIR
	GRPS =4
	IDX1 =0
	IDX2 =6
	IDX3 =8
	IDX4 =11
	TYPE1=OP
	TYPE2=REG
	TYPE3=BLANK
	TYPE4=IMM
}
{
	OP   =20
	NAME =MLT
	GRPS =4
	IDX1 =0
	IDX2 =6
	IDX3 =8
	IDX4 =10
	TYPE1=OP
	TYPE2=REG
	TYPE3=REG
	TYPE4=BLANK
}
{
	OP   =21
	NAME =DVD
	GRPS =4
	IDX1 =0
	IDX2 =6
	IDX3 =8
	IDX4 =10
	TYPE1=OP
	TYPE2=REG
	TYPE3=REG
	TYPE4=BLANK
}
{
	OP   =22
	NAME =TRR
	GRPS =4
	IDX1 =0
	IDX2 =6
	IDX3 =8
	IDX4 =10
	TYPE1=OP
	TYPE2=REG
	TYPE3=REG
	TYPE4=BLANK
}
{
	OP   =23
	NAME =AND
	GRPS =4
	IDX1 =0
	IDX2 =6
	IDX3 =8
	IDX4 =10
	TYPE1=OP
	TYPE2=REG
	TYPE3=REG
	TYPE4=BLANK
}
{
	OP   =24
	NAME =ORR
	GRPS =4
	IDX1 =0
	IDX2 =6
	IDX3 =8
	IDX4 =10
	TYPE1=OP
	TYPE2=REG
	TYPE3=REG
	TYPE4=BLANK
}
{
	OP   =25
	NAME =NOT
	GRPS =3
	IDX1 =0
	IDX2 =6
	IDX3 =8
	TYPE1=OP
	TYPE2=REG
	TYPE3=BLANK
}       
{
	OP   =31
	NAME =SRC
	GRPS =6
	IDX1 =0
	IDX2 =6
	IDX3 =8
	IDX4 =9
	IDX5 =10
	IDX6 =12
	TYPE1=OP
	TYPE2=REG
	TYPE3=FLAG
	TYPE4=FLAG
	TYPE5=BLANK
	TYPE6=IMM
}
{
	OP   =32
	NAME =RRC
	GRPS =6
	IDX1 =0
	IDX2 =6
	IDX3 =8
	IDX4 =9
	IDX5 =10
	IDX6 =12
	TYPE1=OP
	TYPE2=REG
	TYPE3=FLAG
	TYPE4=FLAG
	TYPE5=BLANK
	TYPE6=IMM
}
{
	OP   =61
	NAME =IN
	GRPS =4
	IDX1 =0
	IDX2 =6
	IDX3 =8
	IDX4 =11
	TYPE1=OP
	TYPE2=REG
	TYPE3=BLANK
	TYPE4=DEV
}
{
	OP   =62
	NAME =OUT
	GRPS =4
	IDX1 =0
	IDX2 =6
	IDX3 =8
	IDX4 =11
	TYPE1=OP
	TYPE2=REG
	TYPE3=BLANK
	TYPE4=DEV
}
{
	OP   =63
	NAME =CHK
	GRPS =4
	IDX1 =0
	IDX2 =6
	IDX3 =8
	IDX4 =11
	TYPE1=OP
	TYPE2=REG
	TYPE3=BLANK
	TYPE4=DEV
}
